2010-11-10T08:12:51+00:00 INFO (6): USER: admin; TYPE: Pages; ID: 1; FIELD/ACTION: [UPDATE]; VALUE: 1.
2010-11-23T07:48:52+00:00 INFO (6): USER: admin; TYPE: Projects; ID: 54; FIELD/ACTION: [UPDATE]; VALUE: 1.
2010-11-23T07:56:56+00:00 INFO (6): USER: admin; TYPE: Projects; ID: 54; FIELD/ACTION: is_featured; VALUE: 1.
2010-12-01T18:50:24+00:00 INFO (6): USER: admin; TYPE: Projects; ID: 54; FIELD/ACTION: [UPDATE]; VALUE: 1.
2010-12-01T18:52:55+00:00 INFO (6): USER: admin; TYPE: Projects; ID: 55; FIELD/ACTION: [UPDATE]; VALUE: 1.
2010-12-01T18:53:45+00:00 INFO (6): USER: admin; TYPE: Projects; ID: 54; FIELD/ACTION: [UPDATE]; VALUE: 1.
2010-12-01T18:54:00+00:00 INFO (6): USER: admin; TYPE: Projects; ID: 54; FIELD/ACTION: [UPDATE]; VALUE: 1.
2010-12-01T18:55:33+00:00 INFO (6): USER: admin; TYPE: Projects; ID: 55; FIELD/ACTION: [UPDATE]; VALUE: 1.
2010-12-01T18:55:52+00:00 INFO (6): USER: admin; TYPE: Projects; ID: 55; FIELD/ACTION: [UPDATE]; VALUE: 1.
2010-12-01T18:56:06+00:00 INFO (6): USER: admin; TYPE: Projects; ID: 55; FIELD/ACTION: is_featured; VALUE: 1.
2010-12-01T18:56:52+00:00 INFO (6): USER: admin; TYPE: Projects; ID: 54; FIELD/ACTION: is_trashed; VALUE: 1.
2010-12-01T18:58:30+00:00 INFO (6): USER: admin; TYPE: Projects; ID: 55; FIELD/ACTION: [UPDATE]; VALUE: 1.
2010-12-04T14:01:58+00:00 INFO (6): USER: admin; TYPE: Projects; ID: 55; FIELD/ACTION: [UPDATE]; VALUE: 1.
2010-12-04T14:04:35+00:00 INFO (6): USER: admin; TYPE: Projects; ID: 55; FIELD/ACTION: [UPDATE]; VALUE: 1.
2010-12-04T14:06:34+00:00 INFO (6): USER: admin; TYPE: Projects; ID: 55; FIELD/ACTION: [UPDATE]; VALUE: 1.
2010-12-04T14:39:11+00:00 INFO (6): USER: admin; TYPE: ProjectImages; ID: 29; FIELD/ACTION: [UPDATE]; VALUE: 1.
2010-12-05T19:53:43+00:00 INFO (6): USER: admin; TYPE: Projects; ID: 56; FIELD/ACTION: [UPDATE]; VALUE: 1.
2010-12-05T19:56:37+00:00 INFO (6): USER: admin; TYPE: ProjectImages; ID: 30; FIELD/ACTION: [UPDATE]; VALUE: 1.
2010-12-05T19:57:45+00:00 INFO (6): USER: admin; TYPE: ProjectImages; ID: 30; FIELD/ACTION: [UPDATE]; VALUE: 1.
2010-12-05T19:58:26+00:00 INFO (6): USER: admin; TYPE: ProjectImages; ID: 31; FIELD/ACTION: [UPDATE]; VALUE: 1.
2010-12-05T19:59:24+00:00 INFO (6): USER: admin; TYPE: ProjectImages; ID: 31; FIELD/ACTION: [UPDATE]; VALUE: 1.
2010-12-05T20:04:22+00:00 INFO (6): USER: admin; TYPE: Projects; ID: 57; FIELD/ACTION: [UPDATE]; VALUE: 1.
2010-12-05T20:04:53+00:00 INFO (6): USER: admin; TYPE: Projects; ID: 57; FIELD/ACTION: is_featured; VALUE: 1.
2010-12-05T20:06:58+00:00 INFO (6): USER: admin; TYPE: ProjectImages; ID: 32; FIELD/ACTION: [UPDATE]; VALUE: 1.
2010-12-05T20:08:49+00:00 INFO (6): USER: admin; TYPE: ProjectImages; ID: 33; FIELD/ACTION: [UPDATE]; VALUE: 1.
2010-12-05T20:12:09+00:00 INFO (6): USER: admin; TYPE: Projects; ID: 57; FIELD/ACTION: [UPDATE]; VALUE: 1.
2010-12-05T20:59:51+00:00 INFO (6): USER: admin; TYPE: Projects; ID: 58; FIELD/ACTION: [UPDATE]; VALUE: 1.
2010-12-05T21:00:20+00:00 INFO (6): USER: admin; TYPE: Projects; ID: 58; FIELD/ACTION: is_featured; VALUE: 1.
2010-12-05T21:01:19+00:00 INFO (6): USER: admin; TYPE: ProjectImages; ID: 34; FIELD/ACTION: [UPDATE]; VALUE: 1.
2010-12-05T21:01:30+00:00 INFO (6): USER: admin; TYPE: Projects; ID: 55; FIELD/ACTION: is_trashed; VALUE: 1.
2010-12-05T21:03:09+00:00 INFO (6): USER: admin; TYPE: ProjectImages; ID: 30; FIELD/ACTION: [UPDATE]; VALUE: 1.
2010-12-05T21:03:40+00:00 INFO (6): USER: admin; TYPE: ProjectImages; ID: 31; FIELD/ACTION: [UPDATE]; VALUE: 1.
2010-12-05T23:03:31+00:00 INFO (6): USER: admin; TYPE: Projects; ID: 59; FIELD/ACTION: [UPDATE]; VALUE: 1.
2010-12-05T23:04:29+00:00 INFO (6): USER: admin; TYPE: ProjectImages; ID: 35; FIELD/ACTION: [UPDATE]; VALUE: 1.
2010-12-05T23:05:20+00:00 INFO (6): USER: admin; TYPE: ProjectImages; ID: 36; FIELD/ACTION: [UPDATE]; VALUE: 1.
2010-12-06T22:52:22+00:00 INFO (6): USER: admin; TYPE: Projects; ID: 57; FIELD/ACTION: [UPDATE]; VALUE: 1.
2010-12-07T20:56:27+00:00 INFO (6): USER: admin; TYPE: Pages; ID: 2; FIELD/ACTION: [UPDATE]; VALUE: 1.
2010-12-12T16:16:30+00:00 INFO (6): USER: admin; TYPE: Pages; ID: 1; FIELD/ACTION: [UPDATE]; VALUE: 1.
2010-12-12T16:17:59+00:00 INFO (6): USER: admin; TYPE: Projects; ID: 60; FIELD/ACTION: [UPDATE]; VALUE: 1.
2010-12-12T16:19:33+00:00 INFO (6): USER: admin; TYPE: ProjectImages; ID: 37; FIELD/ACTION: [UPDATE]; VALUE: 1.
2010-12-16T22:25:34+00:00 INFO (6): USER: admin; TYPE: Projects; ID: 61; FIELD/ACTION: [UPDATE]; VALUE: 1.
2010-12-16T22:27:01+00:00 INFO (6): USER: admin; TYPE: ProjectImages; ID: 38; FIELD/ACTION: [UPDATE]; VALUE: 1.
2010-12-16T22:28:01+00:00 INFO (6): USER: admin; TYPE: Projects; ID: 60; FIELD/ACTION: [UPDATE]; VALUE: 1.
2010-12-16T22:36:54+00:00 INFO (6): USER: admin; TYPE: Projects; ID: 62; FIELD/ACTION: [UPDATE]; VALUE: 1.
2010-12-16T22:38:09+00:00 INFO (6): USER: admin; TYPE: ProjectImages; ID: 39; FIELD/ACTION: [UPDATE]; VALUE: 1.
2010-12-16T22:54:08+00:00 INFO (6): USER: admin; TYPE: Projects; ID: 63; FIELD/ACTION: [UPDATE]; VALUE: 1.
2010-12-16T22:55:31+00:00 INFO (6): USER: admin; TYPE: ProjectImages; ID: 40; FIELD/ACTION: [UPDATE]; VALUE: 1.
2010-12-16T23:04:07+00:00 INFO (6): USER: admin; TYPE: Projects; ID: 64; FIELD/ACTION: [UPDATE]; VALUE: 1.
2010-12-16T23:05:37+00:00 INFO (6): USER: admin; TYPE: ProjectImages; ID: 41; FIELD/ACTION: [UPDATE]; VALUE: 1.
2010-12-16T23:18:12+00:00 INFO (6): USER: admin; TYPE: Projects; ID: 65; FIELD/ACTION: [UPDATE]; VALUE: 1.
2010-12-16T23:24:41+00:00 INFO (6): USER: admin; TYPE: ProjectImages; ID: 42; FIELD/ACTION: [UPDATE]; VALUE: 1.
2010-12-16T23:26:03+00:00 INFO (6): USER: admin; TYPE: ProjectImages; ID: 43; FIELD/ACTION: [UPDATE]; VALUE: 1.
2010-12-16T23:26:34+00:00 INFO (6): USER: admin; TYPE: ProjectImages; ID: 43; FIELD/ACTION: is_hidden; VALUE: 1.
2010-12-16T23:29:33+00:00 INFO (6): USER: admin; TYPE: ProjectImages; ID: 44; FIELD/ACTION: [UPDATE]; VALUE: 1.
2010-12-16T23:31:59+00:00 INFO (6): USER: admin; TYPE: ProjectImages; ID: 45; FIELD/ACTION: [UPDATE]; VALUE: 1.
2010-12-17T00:14:48+00:00 INFO (6): USER: admin; TYPE: ProjectImages; ID: 45; FIELD/ACTION: is_trashed; VALUE: 1.
2010-12-17T00:15:36+00:00 INFO (6): USER: admin; TYPE: ProjectImages; ID: 46; FIELD/ACTION: [UPDATE]; VALUE: 1.
2010-12-19T12:47:12+00:00 INFO (6): USER: admin; TYPE: ProjectImages; ID: 47; FIELD/ACTION: [UPDATE]; VALUE: 1.
2010-12-19T12:56:24+00:00 INFO (6): USER: admin; TYPE: Projects; ID: 66; FIELD/ACTION: [UPDATE]; VALUE: 1.
2010-12-19T12:59:55+00:00 INFO (6): USER: admin; TYPE: ProjectImages; ID: 48; FIELD/ACTION: [UPDATE]; VALUE: 1.
2010-12-19T13:01:33+00:00 INFO (6): USER: admin; TYPE: ProjectImages; ID: 49; FIELD/ACTION: [UPDATE]; VALUE: 1.
2010-12-19T13:04:46+00:00 INFO (6): USER: admin; TYPE: ProjectImages; ID: 48; FIELD/ACTION: [UPDATE]; VALUE: 1.
2010-12-19T14:16:12+00:00 INFO (6): USER: admin; TYPE: Projects; ID: 67; FIELD/ACTION: [UPDATE]; VALUE: 1.
2010-12-19T14:17:20+00:00 INFO (6): USER: admin; TYPE: ProjectImages; ID: 50; FIELD/ACTION: [UPDATE]; VALUE: 1.
2010-12-19T14:18:04+00:00 INFO (6): USER: admin; TYPE: ProjectImages; ID: 51; FIELD/ACTION: [UPDATE]; VALUE: 1.
2010-12-19T14:18:56+00:00 INFO (6): USER: admin; TYPE: ProjectImages; ID: 52; FIELD/ACTION: [UPDATE]; VALUE: 1.
2010-12-19T14:19:59+00:00 INFO (6): USER: admin; TYPE: ProjectImages; ID: 53; FIELD/ACTION: [UPDATE]; VALUE: 1.
2010-12-19T14:49:18+00:00 INFO (6): USER: admin; TYPE: ProjectImages; ID: 54; FIELD/ACTION: [UPDATE]; VALUE: 1.
2010-12-19T14:50:43+00:00 INFO (6): USER: admin; TYPE: ProjectImages; ID: 55; FIELD/ACTION: [UPDATE]; VALUE: 1.
2010-12-19T14:51:44+00:00 INFO (6): USER: admin; TYPE: ProjectImages; ID: 56; FIELD/ACTION: [UPDATE]; VALUE: 1.
2010-12-19T15:02:41+00:00 INFO (6): USER: admin; TYPE: Projects; ID: 57; FIELD/ACTION: [UPDATE]; VALUE: 1.
2010-12-19T16:37:15+00:00 INFO (6): USER: admin; TYPE: Projects; ID: 68; FIELD/ACTION: [UPDATE]; VALUE: 1.
2010-12-19T16:39:06+00:00 INFO (6): USER: admin; TYPE: ProjectImages; ID: 57; FIELD/ACTION: [UPDATE]; VALUE: 1.
2010-12-19T16:39:50+00:00 INFO (6): USER: admin; TYPE: Projects; ID: 68; FIELD/ACTION: is_featured; VALUE: 1.
2010-12-19T16:39:52+00:00 INFO (6): USER: admin; TYPE: Projects; ID: 68; FIELD/ACTION: [UPDATE]; VALUE: 1.
2010-12-20T00:03:58+00:00 INFO (6): USER: admin; TYPE: ProjectImages; ID: 58; FIELD/ACTION: [UPDATE]; VALUE: 1.
2010-12-20T00:06:09+00:00 INFO (6): USER: admin; TYPE: Pages; ID: 2; FIELD/ACTION: [UPDATE]; VALUE: 1.
2010-12-20T00:07:15+00:00 INFO (6): USER: admin; TYPE: Pages; ID: 2; FIELD/ACTION: [UPDATE]; VALUE: 1.
2010-12-20T00:07:40+00:00 INFO (6): USER: admin; TYPE: Pages; ID: 2; FIELD/ACTION: [UPDATE]; VALUE: 1.
2011-01-05T17:17:29+00:00 INFO (6): USER: admin; TYPE: Projects; ID: 69; FIELD/ACTION: [UPDATE]; VALUE: 1.
2011-01-05T17:18:31+00:00 INFO (6): USER: admin; TYPE: ProjectImages; ID: 59; FIELD/ACTION: [UPDATE]; VALUE: 1.
2011-01-05T17:18:59+00:00 INFO (6): USER: admin; TYPE: ProjectImages; ID: 60; FIELD/ACTION: [UPDATE]; VALUE: 1.
2011-01-05T17:19:39+00:00 INFO (6): USER: admin; TYPE: ProjectImages; ID: 61; FIELD/ACTION: [UPDATE]; VALUE: 1.
2011-01-05T17:23:46+00:00 INFO (6): USER: admin; TYPE: Projects; ID: 70; FIELD/ACTION: [UPDATE]; VALUE: 1.
2011-01-05T17:24:53+00:00 INFO (6): USER: admin; TYPE: ProjectImages; ID: 62; FIELD/ACTION: [UPDATE]; VALUE: 1.
2011-01-05T18:03:11+00:00 INFO (6): USER: admin; TYPE: Projects; ID: 71; FIELD/ACTION: [UPDATE]; VALUE: 1.
2011-01-05T18:04:05+00:00 INFO (6): USER: admin; TYPE: ProjectImages; ID: 63; FIELD/ACTION: [UPDATE]; VALUE: 1.
2011-01-05T18:04:48+00:00 INFO (6): USER: admin; TYPE: ProjectImages; ID: 64; FIELD/ACTION: [UPDATE]; VALUE: 1.
2011-01-05T18:05:23+00:00 INFO (6): USER: admin; TYPE: ProjectImages; ID: 65; FIELD/ACTION: [UPDATE]; VALUE: 1.
2011-01-05T18:05:59+00:00 INFO (6): USER: admin; TYPE: ProjectImages; ID: 66; FIELD/ACTION: [UPDATE]; VALUE: 1.
2011-01-05T18:06:28+00:00 INFO (6): USER: admin; TYPE: ProjectImages; ID: 67; FIELD/ACTION: [UPDATE]; VALUE: 1.
2011-01-05T18:24:09+00:00 INFO (6): USER: admin; TYPE: Projects; ID: 72; FIELD/ACTION: [UPDATE]; VALUE: 1.
2011-01-05T18:25:37+00:00 INFO (6): USER: admin; TYPE: ProjectImages; ID: 68; FIELD/ACTION: [UPDATE]; VALUE: 1.
2011-01-05T18:26:18+00:00 INFO (6): USER: admin; TYPE: ProjectImages; ID: 69; FIELD/ACTION: [UPDATE]; VALUE: 1.
2011-01-05T18:27:00+00:00 INFO (6): USER: admin; TYPE: ProjectImages; ID: 70; FIELD/ACTION: [UPDATE]; VALUE: 1.
2011-01-05T18:34:00+00:00 INFO (6): USER: admin; TYPE: Projects; ID: 73; FIELD/ACTION: [UPDATE]; VALUE: 1.
2011-01-05T18:35:12+00:00 INFO (6): USER: admin; TYPE: ProjectImages; ID: 71; FIELD/ACTION: [UPDATE]; VALUE: 1.
2011-01-05T18:36:15+00:00 INFO (6): USER: admin; TYPE: ProjectImages; ID: 72; FIELD/ACTION: [UPDATE]; VALUE: 1.
2011-01-05T18:37:11+00:00 INFO (6): USER: admin; TYPE: ProjectImages; ID: 73; FIELD/ACTION: [UPDATE]; VALUE: 1.
2011-01-05T18:37:30+00:00 INFO (6): USER: admin; TYPE: ProjectImages; ID: 72; FIELD/ACTION: [UPDATE]; VALUE: 1.
2011-01-05T18:43:13+00:00 INFO (6): USER: admin; TYPE: Projects; ID: 74; FIELD/ACTION: [UPDATE]; VALUE: 1.
2011-01-05T18:44:53+00:00 INFO (6): USER: admin; TYPE: ProjectImages; ID: 74; FIELD/ACTION: [UPDATE]; VALUE: 1.
2011-01-05T18:45:48+00:00 INFO (6): USER: admin; TYPE: ProjectImages; ID: 75; FIELD/ACTION: [UPDATE]; VALUE: 1.
2011-01-05T18:53:37+00:00 INFO (6): USER: admin; TYPE: Projects; ID: 75; FIELD/ACTION: [UPDATE]; VALUE: 1.
2011-01-05T18:54:11+00:00 INFO (6): USER: admin; TYPE: Projects; ID: 75; FIELD/ACTION: [UPDATE]; VALUE: 1.
2011-01-05T18:55:25+00:00 INFO (6): USER: admin; TYPE: ProjectImages; ID: 76; FIELD/ACTION: [UPDATE]; VALUE: 1.
2011-01-05T18:56:37+00:00 INFO (6): USER: admin; TYPE: ProjectImages; ID: 77; FIELD/ACTION: [UPDATE]; VALUE: 1.
2011-01-06T18:49:45+00:00 INFO (6): USER: admin; TYPE: ProjectImages; ID: 63; FIELD/ACTION: is_trashed; VALUE: 1.
2011-01-06T18:49:50+00:00 INFO (6): USER: admin; TYPE: ProjectImages; ID: 64; FIELD/ACTION: is_trashed; VALUE: 1.
2011-01-06T18:49:59+00:00 INFO (6): USER: admin; TYPE: ProjectImages; ID: 67; FIELD/ACTION: is_trashed; VALUE: 1.
2011-01-06T18:50:48+00:00 INFO (6): USER: admin; TYPE: ProjectImages; ID: 78; FIELD/ACTION: [UPDATE]; VALUE: 1.
2011-01-06T18:51:34+00:00 INFO (6): USER: admin; TYPE: ProjectImages; ID: 79; FIELD/ACTION: [UPDATE]; VALUE: 1.
2011-01-06T18:52:38+00:00 INFO (6): USER: admin; TYPE: ProjectImages; ID: 78; FIELD/ACTION: [UPDATE]; VALUE: 1.
2011-01-06T18:53:24+00:00 INFO (6): USER: admin; TYPE: ProjectImages; ID: 80; FIELD/ACTION: [UPDATE]; VALUE: 1.
2011-01-06T18:55:30+00:00 INFO (6): USER: admin; TYPE: ProjectImages; ID: 78; FIELD/ACTION: [UPDATE]; VALUE: 1.
2011-01-06T19:11:00+00:00 INFO (6): USER: admin; TYPE: ProjectImages; ID: 78; FIELD/ACTION: is_trashed; VALUE: 1.
2011-01-06T19:11:03+00:00 INFO (6): USER: admin; TYPE: ProjectImages; ID: 79; FIELD/ACTION: is_trashed; VALUE: 1.
2011-01-06T19:11:07+00:00 INFO (6): USER: admin; TYPE: ProjectImages; ID: 65; FIELD/ACTION: is_trashed; VALUE: 1.
2011-01-06T19:11:11+00:00 INFO (6): USER: admin; TYPE: ProjectImages; ID: 66; FIELD/ACTION: is_trashed; VALUE: 1.
2011-01-06T19:11:16+00:00 INFO (6): USER: admin; TYPE: ProjectImages; ID: 80; FIELD/ACTION: is_trashed; VALUE: 1.
2011-01-06T19:11:56+00:00 INFO (6): USER: admin; TYPE: ProjectImages; ID: 81; FIELD/ACTION: [UPDATE]; VALUE: 1.
2011-01-06T19:12:29+00:00 INFO (6): USER: admin; TYPE: ProjectImages; ID: 82; FIELD/ACTION: [UPDATE]; VALUE: 1.
2011-01-06T19:13:09+00:00 INFO (6): USER: admin; TYPE: ProjectImages; ID: 83; FIELD/ACTION: [UPDATE]; VALUE: 1.
2011-01-06T19:13:46+00:00 INFO (6): USER: admin; TYPE: ProjectImages; ID: 84; FIELD/ACTION: [UPDATE]; VALUE: 1.
2011-01-06T19:14:42+00:00 INFO (6): USER: admin; TYPE: ProjectImages; ID: 85; FIELD/ACTION: [UPDATE]; VALUE: 1.
2011-01-06T19:22:45+00:00 INFO (6): USER: admin; TYPE: ProjectImages; ID: 74; FIELD/ACTION: [UPDATE]; VALUE: 1.
2011-01-06T19:24:00+00:00 INFO (6): USER: admin; TYPE: ProjectImages; ID: 74; FIELD/ACTION: [UPDATE]; VALUE: 1.
2011-01-06T19:24:28+00:00 INFO (6): USER: admin; TYPE: Projects; ID: 75; FIELD/ACTION: is_hidden; VALUE: 1.
2011-01-06T19:30:02+00:00 INFO (6): USER: admin; TYPE: Projects; ID: 76; FIELD/ACTION: [UPDATE]; VALUE: 1.
2011-01-06T19:30:18+00:00 INFO (6): USER: admin; TYPE: Projects; ID: 72; FIELD/ACTION: [UPDATE]; VALUE: 1.
2011-01-06T19:30:38+00:00 INFO (6): USER: admin; TYPE: Projects; ID: 73; FIELD/ACTION: [UPDATE]; VALUE: 1.
2011-01-06T19:31:34+00:00 INFO (6): USER: admin; TYPE: Projects; ID: 73; FIELD/ACTION: [UPDATE]; VALUE: 1.
2011-01-06T19:33:26+00:00 INFO (6): USER: admin; TYPE: ProjectImages; ID: 86; FIELD/ACTION: [UPDATE]; VALUE: 1.
2011-01-06T19:37:09+00:00 INFO (6): USER: admin; TYPE: ProjectImages; ID: 41; FIELD/ACTION: [UPDATE]; VALUE: 1.
2011-01-06T20:28:51+00:00 INFO (6): USER: admin; TYPE: Projects; ID: 77; FIELD/ACTION: [UPDATE]; VALUE: 1.
2011-01-06T20:29:39+00:00 INFO (6): USER: admin; TYPE: Projects; ID: 77; FIELD/ACTION: [UPDATE]; VALUE: 1.
2011-01-06T22:39:19+00:00 INFO (6): USER: admin; TYPE: Projects; ID: 71; FIELD/ACTION: [UPDATE]; VALUE: 1.
2011-01-06T22:47:38+00:00 INFO (6): USER: admin; TYPE: Projects; ID: 77; FIELD/ACTION: [UPDATE]; VALUE: 1.
2011-01-06T22:52:40+00:00 INFO (6): USER: admin; TYPE: ProjectImages; ID: 87; FIELD/ACTION: [UPDATE]; VALUE: 1.
2011-01-06T22:54:34+00:00 INFO (6): USER: admin; TYPE: ProjectImages; ID: 88; FIELD/ACTION: [UPDATE]; VALUE: 1.
2011-01-06T22:55:23+00:00 INFO (6): USER: admin; TYPE: ProjectImages; ID: 89; FIELD/ACTION: [UPDATE]; VALUE: 1.
2011-01-06T23:35:56+00:00 INFO (6): USER: admin; TYPE: Projects; ID: 78; FIELD/ACTION: [UPDATE]; VALUE: 1.
2011-01-06T23:36:02+00:00 INFO (6): USER: admin; TYPE: Projects; ID: 78; FIELD/ACTION: is_hidden; VALUE: 1.
2011-01-06T23:36:39+00:00 INFO (6): USER: admin; TYPE: Projects; ID: 77; FIELD/ACTION: [UPDATE]; VALUE: 1.
2011-01-06T23:40:03+00:00 INFO (6): USER: admin; TYPE: Projects; ID: 78; FIELD/ACTION: [UPDATE]; VALUE: 1.
2011-01-06T23:41:24+00:00 INFO (6): USER: admin; TYPE: ProjectImages; ID: 90; FIELD/ACTION: [UPDATE]; VALUE: 1.
2011-01-06T23:43:39+00:00 INFO (6): USER: admin; TYPE: ProjectImages; ID: 91; FIELD/ACTION: [UPDATE]; VALUE: 1.
2011-01-06T23:44:33+00:00 INFO (6): USER: admin; TYPE: ProjectImages; ID: 92; FIELD/ACTION: [UPDATE]; VALUE: 1.
2011-01-06T23:44:53+00:00 INFO (6): USER: admin; TYPE: Projects; ID: 78; FIELD/ACTION: is_hidden; VALUE: 0.
2011-01-06T23:48:57+00:00 INFO (6): USER: admin; TYPE: Projects; ID: 78; FIELD/ACTION: [UPDATE]; VALUE: 1.
2011-01-06T23:50:00+00:00 INFO (6): USER: admin; TYPE: Projects; ID: 78; FIELD/ACTION: [UPDATE]; VALUE: 1.
2011-01-06T23:50:24+00:00 INFO (6): USER: admin; TYPE: Projects; ID: 77; FIELD/ACTION: [UPDATE]; VALUE: 1.
2011-01-06T23:51:31+00:00 INFO (6): USER: admin; TYPE: Projects; ID: 76; FIELD/ACTION: [UPDATE]; VALUE: 1.
2011-01-07T18:34:27+00:00 INFO (6): USER: admin; TYPE: Projects; ID: 79; FIELD/ACTION: [UPDATE]; VALUE: 1.
2011-01-07T18:36:23+00:00 INFO (6): USER: admin; TYPE: ProjectImages; ID: 93; FIELD/ACTION: [UPDATE]; VALUE: 1.
2011-01-07T18:37:10+00:00 INFO (6): USER: admin; TYPE: ProjectImages; ID: 94; FIELD/ACTION: [UPDATE]; VALUE: 1.
2011-01-07T18:37:55+00:00 INFO (6): USER: admin; TYPE: ProjectImages; ID: 95; FIELD/ACTION: [UPDATE]; VALUE: 1.
2011-01-07T18:41:26+00:00 INFO (6): USER: admin; TYPE: Projects; ID: 68; FIELD/ACTION: [UPDATE]; VALUE: 1.
2011-01-09T22:23:35+00:00 INFO (6): USER: admin; TYPE: Projects; ID: 80; FIELD/ACTION: [UPDATE]; VALUE: 1.
2011-01-09T23:53:26+00:00 INFO (6): USER: admin; TYPE: ProjectImages; ID: 96; FIELD/ACTION: [UPDATE]; VALUE: 1.
2011-01-09T23:56:33+00:00 INFO (6): USER: admin; TYPE: Projects; ID: 81; FIELD/ACTION: [UPDATE]; VALUE: 1.
2011-01-09T23:57:42+00:00 INFO (6): USER: admin; TYPE: ProjectImages; ID: 97; FIELD/ACTION: [UPDATE]; VALUE: 1.
2011-01-09T23:58:16+00:00 INFO (6): USER: admin; TYPE: ProjectImages; ID: 98; FIELD/ACTION: [UPDATE]; VALUE: 1.
2011-01-09T23:58:46+00:00 INFO (6): USER: admin; TYPE: ProjectImages; ID: 99; FIELD/ACTION: [UPDATE]; VALUE: 1.
2011-01-09T23:59:18+00:00 INFO (6): USER: admin; TYPE: ProjectImages; ID: 100; FIELD/ACTION: [UPDATE]; VALUE: 1.
2011-01-09T23:59:47+00:00 INFO (6): USER: admin; TYPE: Projects; ID: 81; FIELD/ACTION: is_featured; VALUE: 1.
2011-01-09T23:59:47+00:00 INFO (6): USER: admin; TYPE: Projects; ID: 57; FIELD/ACTION: is_featured; VALUE: 0.
2011-01-12T17:02:19+00:00 INFO (6): USER: admin; TYPE: Projects; ID: 67; FIELD/ACTION: [UPDATE]; VALUE: 1.
2011-01-12T17:02:56+00:00 INFO (6): USER: admin; TYPE: Projects; ID: 68; FIELD/ACTION: is_featured; VALUE: 0.
2011-01-12T17:14:51+00:00 INFO (6): USER: admin; TYPE: Projects; ID: 67; FIELD/ACTION: is_featured; VALUE: 1.
2011-01-12T17:15:48+00:00 INFO (6): USER: admin; TYPE: Projects; ID: 67; FIELD/ACTION: is_featured; VALUE: 0.
2011-01-12T17:58:48+00:00 INFO (6): USER: admin; TYPE: Projects; ID: 67; FIELD/ACTION: is_featured; VALUE: 1.
2011-01-12T20:48:12+00:00 INFO (6): USER: admin; TYPE: Pages; ID: 2; FIELD/ACTION: [UPDATE]; VALUE: 1.
2011-01-12T20:49:10+00:00 INFO (6): USER: admin; TYPE: Pages; ID: 2; FIELD/ACTION: [UPDATE]; VALUE: 1.
2011-01-12T20:51:06+00:00 INFO (6): USER: admin; TYPE: Projects; ID: 57; FIELD/ACTION: [UPDATE]; VALUE: 1.
2011-01-12T20:51:55+00:00 INFO (6): USER: admin; TYPE: Projects; ID: 59; FIELD/ACTION: [UPDATE]; VALUE: 1.
2011-01-12T20:52:28+00:00 INFO (6): USER: admin; TYPE: Projects; ID: 70; FIELD/ACTION: [UPDATE]; VALUE: 1.
2011-01-25T22:53:13+00:00 INFO (6): USER: admin; TYPE: Projects; ID: 59; FIELD/ACTION: [UPDATE]; VALUE: 1.
2011-01-25T22:57:45+00:00 INFO (6): USER: admin; TYPE: Projects; ID: 67; FIELD/ACTION: [UPDATE]; VALUE: 1.
2011-01-25T22:58:24+00:00 INFO (6): USER: admin; TYPE: Projects; ID: 79; FIELD/ACTION: [UPDATE]; VALUE: 1.
2011-01-25T22:59:47+00:00 INFO (6): USER: admin; TYPE: Pages; ID: 2; FIELD/ACTION: [UPDATE]; VALUE: 1.
2011-02-19T17:17:49+00:00 INFO (6): USER: admin; TYPE: Projects; ID: 79; FIELD/ACTION: is_hidden; VALUE: 1.
2011-02-19T18:40:56+00:00 INFO (6): USER: admin; TYPE: ProjectImages; ID: 101; FIELD/ACTION: [UPDATE]; VALUE: 1.
2011-02-19T18:41:50+00:00 INFO (6): USER: admin; TYPE: ProjectImages; ID: 102; FIELD/ACTION: [UPDATE]; VALUE: 1.
2011-02-19T18:42:16+00:00 INFO (6): USER: admin; TYPE: ProjectImages; ID: 102; FIELD/ACTION: is_hidden; VALUE: 1.
2011-02-19T18:43:08+00:00 INFO (6): USER: admin; TYPE: ProjectImages; ID: 102; FIELD/ACTION: is_hidden; VALUE: 0.
2011-02-19T18:43:09+00:00 INFO (6): USER: admin; TYPE: ProjectImages; ID: 102; FIELD/ACTION: is_hidden; VALUE: 1.
2011-02-19T18:43:15+00:00 INFO (6): USER: admin; TYPE: ProjectImages; ID: 100; FIELD/ACTION: is_hidden; VALUE: 1.
2011-02-19T18:43:16+00:00 INFO (6): USER: admin; TYPE: ProjectImages; ID: 99; FIELD/ACTION: is_hidden; VALUE: 1.
2011-02-19T18:43:16+00:00 INFO (6): USER: admin; TYPE: ProjectImages; ID: 98; FIELD/ACTION: is_hidden; VALUE: 1.
2011-02-19T18:43:18+00:00 INFO (6): USER: admin; TYPE: ProjectImages; ID: 97; FIELD/ACTION: is_hidden; VALUE: 1.
2011-02-19T18:43:26+00:00 INFO (6): USER: admin; TYPE: ProjectImages; ID: 97; FIELD/ACTION: is_hidden; VALUE: 0.
2011-02-19T18:43:35+00:00 INFO (6): USER: admin; TYPE: ProjectImages; ID: 98; FIELD/ACTION: is_hidden; VALUE: 0.
2011-02-19T18:43:37+00:00 INFO (6): USER: admin; TYPE: ProjectImages; ID: 99; FIELD/ACTION: is_hidden; VALUE: 0.
2011-02-19T18:43:40+00:00 INFO (6): USER: admin; TYPE: ProjectImages; ID: 100; FIELD/ACTION: is_hidden; VALUE: 0.
2011-02-19T18:43:55+00:00 INFO (6): USER: admin; TYPE: ProjectImages; ID: 101; FIELD/ACTION: [UPDATE]; VALUE: 1.
2011-02-19T18:44:16+00:00 INFO (6): USER: admin; TYPE: ProjectImages; ID: 97; FIELD/ACTION: is_trashed; VALUE: 1.
2011-02-19T18:44:20+00:00 INFO (6): USER: admin; TYPE: ProjectImages; ID: 98; FIELD/ACTION: is_trashed; VALUE: 1.
2011-02-19T18:44:24+00:00 INFO (6): USER: admin; TYPE: ProjectImages; ID: 99; FIELD/ACTION: is_trashed; VALUE: 1.
2011-02-19T18:44:29+00:00 INFO (6): USER: admin; TYPE: ProjectImages; ID: 100; FIELD/ACTION: is_trashed; VALUE: 1.
2011-02-19T18:44:34+00:00 INFO (6): USER: admin; TYPE: ProjectImages; ID: 102; FIELD/ACTION: is_trashed; VALUE: 1.
2011-02-19T18:45:17+00:00 INFO (6): USER: admin; TYPE: ProjectImages; ID: 103; FIELD/ACTION: [UPDATE]; VALUE: 1.
2011-02-19T18:46:16+00:00 INFO (6): USER: admin; TYPE: ProjectImages; ID: 104; FIELD/ACTION: [UPDATE]; VALUE: 1.
2011-02-19T18:46:58+00:00 INFO (6): USER: admin; TYPE: ProjectImages; ID: 105; FIELD/ACTION: [UPDATE]; VALUE: 1.
2011-02-19T18:47:45+00:00 INFO (6): USER: admin; TYPE: ProjectImages; ID: 106; FIELD/ACTION: [UPDATE]; VALUE: 1.
2011-07-16T15:35:55+01:00 INFO (6): USER: admin; TYPE: Projects; ID: 82; FIELD/ACTION: [UPDATE]; VALUE: 1.
2011-07-16T15:36:05+01:00 INFO (6): USER: admin; TYPE: Projects; ID: 82; FIELD/ACTION: is_hidden; VALUE: 1.
2011-07-16T15:36:54+01:00 INFO (6): USER: admin; TYPE: ProjectImages; ID: 107; FIELD/ACTION: [UPDATE]; VALUE: 1.
2011-07-16T15:37:28+01:00 INFO (6): USER: admin; TYPE: ProjectImages; ID: 108; FIELD/ACTION: [UPDATE]; VALUE: 1.
2011-07-16T15:38:07+01:00 INFO (6): USER: admin; TYPE: ProjectImages; ID: 109; FIELD/ACTION: [UPDATE]; VALUE: 1.
2011-07-16T15:38:36+01:00 INFO (6): USER: admin; TYPE: Projects; ID: 82; FIELD/ACTION: is_hidden; VALUE: 0.
2011-07-16T15:48:55+01:00 INFO (6): USER: admin; TYPE: Projects; ID: 82; FIELD/ACTION: [UPDATE]; VALUE: 1.
2011-07-16T15:48:59+01:00 INFO (6): USER: admin; TYPE: Projects; ID: 82; FIELD/ACTION: is_featured; VALUE: 1.
2011-07-16T20:32:01+01:00 INFO (6): USER: admin; TYPE: ProjectImages; ID: 109; FIELD/ACTION: is_hidden; VALUE: 1.
2011-07-17T12:47:26+01:00 INFO (6): USER: admin; TYPE: ProjectImages; ID: 109; FIELD/ACTION: is_trashed; VALUE: 1.
2011-07-17T12:48:08+01:00 INFO (6): USER: admin; TYPE: ProjectImages; ID: 110; FIELD/ACTION: [UPDATE]; VALUE: 1.
2011-08-18T00:32:58+01:00 INFO (6): USER: admin; TYPE: Projects; ID: 83; FIELD/ACTION: [UPDATE]; VALUE: 1.
2011-08-18T00:37:11+01:00 INFO (6): USER: admin; TYPE: ProjectImages; ID: 111; FIELD/ACTION: [UPDATE]; VALUE: 1.
2011-08-18T00:37:45+01:00 INFO (6): USER: admin; TYPE: ProjectImages; ID: 112; FIELD/ACTION: [UPDATE]; VALUE: 1.
2011-08-18T00:38:20+01:00 INFO (6): USER: admin; TYPE: Projects; ID: 83; FIELD/ACTION: is_featured; VALUE: 1.
2011-08-18T00:38:48+01:00 INFO (6): USER: admin; TYPE: Projects; ID: 58; FIELD/ACTION: is_featured; VALUE: 0.
2012-01-14T23:53:38+00:00 INFO (6): USER: admin; TYPE: Projects; ID: 84; FIELD/ACTION: [UPDATE]; VALUE: 1.
2012-01-14T23:53:49+00:00 INFO (6): USER: admin; TYPE: Projects; ID: 81; FIELD/ACTION: is_featured; VALUE: 0.
2012-01-14T23:53:50+00:00 INFO (6): USER: admin; TYPE: Projects; ID: 81; FIELD/ACTION: is_featured; VALUE: 1.
2012-01-14T23:54:25+00:00 INFO (6): USER: admin; TYPE: Projects; ID: 84; FIELD/ACTION: [UPDATE]; VALUE: 1.
2012-01-14T23:55:18+00:00 INFO (6): USER: admin; TYPE: ProjectImages; ID: 113; FIELD/ACTION: [UPDATE]; VALUE: 1.
2012-01-14T23:56:03+00:00 INFO (6): USER: admin; TYPE: ProjectImages; ID: 114; FIELD/ACTION: [UPDATE]; VALUE: 1.
2012-01-14T23:56:42+00:00 INFO (6): USER: admin; TYPE: ProjectImages; ID: 115; FIELD/ACTION: [UPDATE]; VALUE: 1.
2012-01-14T23:58:13+00:00 INFO (6): USER: admin; TYPE: ProjectImages; ID: 116; FIELD/ACTION: [UPDATE]; VALUE: 1.
2012-01-14T23:58:28+00:00 INFO (6): USER: admin; TYPE: Projects; ID: 84; FIELD/ACTION: is_featured; VALUE: 1.
2012-01-14T23:58:30+00:00 INFO (6): USER: admin; TYPE: Projects; ID: 81; FIELD/ACTION: is_featured; VALUE: 0.
2012-01-14T23:59:08+00:00 INFO (6): USER: admin; TYPE: Projects; ID: 84; FIELD/ACTION: [UPDATE]; VALUE: 1.
2012-01-14T23:59:28+00:00 INFO (6): USER: admin; TYPE: Projects; ID: 83; FIELD/ACTION: is_featured; VALUE: 0.
2012-01-15T00:39:11+00:00 INFO (6): USER: admin; TYPE: Projects; ID: 84; FIELD/ACTION: [UPDATE]; VALUE: 1.
2012-01-16T21:20:47+00:00 INFO (6): USER: admin; TYPE: ProjectImages; ID: 117; FIELD/ACTION: [UPDATE]; VALUE: 1.
2012-01-16T21:21:25+00:00 INFO (6): USER: admin; TYPE: ProjectImages; ID: 118; FIELD/ACTION: [UPDATE]; VALUE: 1.
2012-01-16T21:21:29+00:00 INFO (6): USER: admin; TYPE: ProjectImages; ID: 112; FIELD/ACTION: is_hidden; VALUE: 1.
2012-01-16T21:21:31+00:00 INFO (6): USER: admin; TYPE: ProjectImages; ID: 111; FIELD/ACTION: is_hidden; VALUE: 1.
2012-01-16T21:24:48+00:00 INFO (6): USER: admin; TYPE: Projects; ID: 83; FIELD/ACTION: [UPDATE]; VALUE: 1.
2012-11-14T19:55:09+00:00 INFO (6): USER: admin; TYPE: Projects; ID: 85; FIELD/ACTION: [UPDATE]; VALUE: 1.
2012-11-14T19:56:40+00:00 INFO (6): USER: admin; TYPE: ProjectImages; ID: 119; FIELD/ACTION: [UPDATE]; VALUE: 1.
2012-11-14T20:02:22+00:00 INFO (6): USER: admin; TYPE: Projects; ID: 60; FIELD/ACTION: is_hidden; VALUE: 1.
2012-11-14T20:12:35+00:00 INFO (6): USER: admin; TYPE: Projects; ID: 86; FIELD/ACTION: [UPDATE]; VALUE: 1.
2012-11-14T20:12:53+00:00 INFO (6): USER: admin; TYPE: Projects; ID: 86; FIELD/ACTION: [UPDATE]; VALUE: 1.
2012-11-14T20:13:01+00:00 INFO (6): USER: admin; TYPE: Projects; ID: 86; FIELD/ACTION: is_featured; VALUE: 1.
2012-11-14T20:13:44+00:00 INFO (6): USER: admin; TYPE: ProjectImages; ID: 120; FIELD/ACTION: [UPDATE]; VALUE: 1.
2012-11-14T20:14:11+00:00 INFO (6): USER: admin; TYPE: ProjectImages; ID: 120; FIELD/ACTION: [UPDATE]; VALUE: 1.
2012-11-14T20:16:30+00:00 INFO (6): USER: admin; TYPE: ProjectImages; ID: 121; FIELD/ACTION: [UPDATE]; VALUE: 1.
2012-11-14T20:17:47+00:00 INFO (6): USER: admin; TYPE: ProjectImages; ID: 122; FIELD/ACTION: [UPDATE]; VALUE: 1.
2012-11-14T20:19:19+00:00 INFO (6): USER: admin; TYPE: Projects; ID: 59; FIELD/ACTION: is_hidden; VALUE: 1.
2012-11-14T20:19:59+00:00 INFO (6): USER: admin; TYPE: Projects; ID: 86; FIELD/ACTION: [UPDATE]; VALUE: 1.
2012-11-14T20:20:21+00:00 INFO (6): USER: admin; TYPE: Projects; ID: 86; FIELD/ACTION: [UPDATE]; VALUE: 1.
2012-11-14T20:22:28+00:00 INFO (6): USER: admin; TYPE: ProjectImages; ID: 123; FIELD/ACTION: [UPDATE]; VALUE: 1.
2012-11-14T20:24:43+00:00 INFO (6): USER: admin; TYPE: ProjectImages; ID: 124; FIELD/ACTION: [UPDATE]; VALUE: 1.
2012-11-14T20:25:09+00:00 INFO (6): USER: admin; TYPE: ProjectImages; ID: 124; FIELD/ACTION: [UPDATE]; VALUE: 1.
2012-11-14T20:27:01+00:00 INFO (6): USER: admin; TYPE: ProjectImages; ID: 123; FIELD/ACTION: is_trashed; VALUE: 1.
2012-11-14T20:27:26+00:00 INFO (6): USER: admin; TYPE: ProjectImages; ID: 125; FIELD/ACTION: [UPDATE]; VALUE: 1.
2012-11-14T21:32:33+00:00 INFO (6): USER: admin; TYPE: Projects; ID: 86; FIELD/ACTION: [UPDATE]; VALUE: 1.
2012-12-18T23:59:12+00:00 INFO (6): USER: admin; TYPE: Projects; ID: 67; FIELD/ACTION: is_featured; VALUE: 0.
2012-12-18T23:59:25+00:00 INFO (6): USER: admin; TYPE: Projects; ID: 67; FIELD/ACTION: is_featured; VALUE: 1.
2012-12-18T23:59:28+00:00 INFO (6): USER: admin; TYPE: Projects; ID: 84; FIELD/ACTION: is_featured; VALUE: 0.
2012-12-19T00:01:16+00:00 INFO (6): USER: admin; TYPE: Pages; ID: 2; FIELD/ACTION: [UPDATE]; VALUE: 1.
2012-12-19T00:01:33+00:00 INFO (6): USER: admin; TYPE: Pages; ID: 2; FIELD/ACTION: [UPDATE]; VALUE: 1.
2012-12-30T23:31:24+00:00 INFO (6): USER: admin; TYPE: Projects; ID: 87; FIELD/ACTION: [UPDATE]; VALUE: 1.
2012-12-30T23:32:16+00:00 INFO (6): USER: admin; TYPE: ProjectImages; ID: 126; FIELD/ACTION: [UPDATE]; VALUE: 1.
2012-12-30T23:32:31+00:00 INFO (6): USER: admin; TYPE: Projects; ID: 87; FIELD/ACTION: is_featured; VALUE: 1.
2012-12-30T23:33:26+00:00 INFO (6): USER: admin; TYPE: ProjectImages; ID: 126; FIELD/ACTION: [UPDATE]; VALUE: 1.
2013-01-09T00:16:19+00:00 INFO (6): USER: admin; TYPE: Projects; ID: 87; FIELD/ACTION: is_featured; VALUE: 0.
2013-01-14T19:45:33+00:00 INFO (6): USER: admin; TYPE: Pages; ID: 2; FIELD/ACTION: [UPDATE]; VALUE: 1.
2013-01-22T21:32:54+00:00 INFO (6): USER: admin; TYPE: Projects; ID: 83; FIELD/ACTION: [UPDATE]; VALUE: 1.
2013-01-22T21:33:53+00:00 INFO (6): USER: admin; TYPE: Projects; ID: 83; FIELD/ACTION: [UPDATE]; VALUE: 1.
2013-02-06T17:47:21+00:00 INFO (6): USER: admin; TYPE: Projects; ID: 88; FIELD/ACTION: [UPDATE]; VALUE: 1.
2013-02-06T17:47:39+00:00 INFO (6): USER: admin; TYPE: Projects; ID: 88; FIELD/ACTION: is_hidden; VALUE: 1.
2013-02-06T17:47:56+00:00 INFO (6): USER: admin; TYPE: Projects; ID: 64; FIELD/ACTION: is_hidden; VALUE: 1.
2013-02-06T17:49:19+00:00 INFO (6): USER: admin; TYPE: Pages; ID: 2; FIELD/ACTION: [UPDATE]; VALUE: 1.
2013-02-06T17:49:30+00:00 INFO (6): USER: admin; TYPE: Pages; ID: 1; FIELD/ACTION: [UPDATE]; VALUE: 1.
2013-02-06T17:51:19+00:00 INFO (6): USER: admin; TYPE: ProjectImages; ID: 127; FIELD/ACTION: [UPDATE]; VALUE: 1.
2013-02-06T17:52:00+00:00 INFO (6): USER: admin; TYPE: ProjectImages; ID: 128; FIELD/ACTION: [UPDATE]; VALUE: 1.
2013-02-06T17:55:03+00:00 INFO (6): USER: admin; TYPE: Projects; ID: 88; FIELD/ACTION: is_hidden; VALUE: 0.
2013-02-06T17:59:47+00:00 INFO (6): USER: admin; TYPE: Projects; ID: 88; FIELD/ACTION: [UPDATE]; VALUE: 1.
2013-02-06T18:02:42+00:00 INFO (6): USER: admin; TYPE: Projects; ID: 88; FIELD/ACTION: [UPDATE]; VALUE: 1.
2013-02-06T18:07:29+00:00 INFO (6): USER: admin; TYPE: Projects; ID: 88; FIELD/ACTION: [UPDATE]; VALUE: 1.
2013-02-06T18:15:15+00:00 INFO (6): USER: admin; TYPE: Projects; ID: 88; FIELD/ACTION: is_hidden; VALUE: 1.
2013-02-06T19:10:40+00:00 INFO (6): USER: admin; TYPE: Projects; ID: 88; FIELD/ACTION: [UPDATE]; VALUE: 1.
2013-02-06T19:16:06+00:00 INFO (6): USER: admin; TYPE: Projects; ID: 88; FIELD/ACTION: [UPDATE]; VALUE: 1.
2013-02-06T19:16:27+00:00 INFO (6): USER: admin; TYPE: Projects; ID: 88; FIELD/ACTION: [UPDATE]; VALUE: 1.
2013-02-06T19:16:44+00:00 INFO (6): USER: admin; TYPE: Projects; ID: 88; FIELD/ACTION: [UPDATE]; VALUE: 1.
2013-02-06T19:24:18+00:00 INFO (6): USER: admin; TYPE: Projects; ID: 88; FIELD/ACTION: [UPDATE]; VALUE: 1.
2013-02-06T19:30:04+00:00 INFO (6): USER: admin; TYPE: ProjectImages; ID: 129; FIELD/ACTION: [UPDATE]; VALUE: 1.
2013-02-06T19:30:30+00:00 INFO (6): USER: admin; TYPE: ProjectImages; ID: 129; FIELD/ACTION: is_trashed; VALUE: 1.
2013-02-06T19:46:50+00:00 INFO (6): USER: admin; TYPE: Projects; ID: 88; FIELD/ACTION: [UPDATE]; VALUE: 1.
2013-02-06T19:48:19+00:00 INFO (6): USER: admin; TYPE: ProjectImages; ID: 130; FIELD/ACTION: [UPDATE]; VALUE: 1.
2013-02-06T19:48:28+00:00 INFO (6): USER: admin; TYPE: Projects; ID: 88; FIELD/ACTION: is_hidden; VALUE: 0.
2013-02-06T19:49:11+00:00 INFO (6): USER: admin; TYPE: Projects; ID: 88; FIELD/ACTION: [UPDATE]; VALUE: 1.
2013-02-06T21:22:40+00:00 INFO (6): USER: admin; TYPE: Projects; ID: 88; FIELD/ACTION: is_hidden; VALUE: 1.
2013-02-06T22:16:11+00:00 INFO (6): USER: admin; TYPE: Projects; ID: 88; FIELD/ACTION: [UPDATE]; VALUE: 1.
2013-02-06T22:16:14+00:00 INFO (6): USER: admin; TYPE: Projects; ID: 87; FIELD/ACTION: is_hidden; VALUE: 1.
2013-02-06T22:16:27+00:00 INFO (6): USER: admin; TYPE: Projects; ID: 57; FIELD/ACTION: is_hidden; VALUE: 1.
2013-02-06T22:16:37+00:00 INFO (6): USER: admin; TYPE: Projects; ID: 72; FIELD/ACTION: is_hidden; VALUE: 1.
2013-02-06T22:16:42+00:00 INFO (6): USER: admin; TYPE: Projects; ID: 76; FIELD/ACTION: is_hidden; VALUE: 1.
2013-02-07T20:21:16+00:00 INFO (6): USER: admin; TYPE: Projects; ID: 88; FIELD/ACTION: [UPDATE]; VALUE: 1.
2013-02-07T20:22:01+00:00 INFO (6): USER: admin; TYPE: ProjectImages; ID: 130; FIELD/ACTION: [UPDATE]; VALUE: 1.
2013-02-07T20:22:09+00:00 INFO (6): USER: admin; TYPE: Projects; ID: 88; FIELD/ACTION: is_hidden; VALUE: 0.
2013-02-07T20:24:15+00:00 INFO (6): USER: admin; TYPE: ProjectImages; ID: 130; FIELD/ACTION: [UPDATE]; VALUE: 1.
2013-02-07T20:25:09+00:00 INFO (6): USER: admin; TYPE: ProjectImages; ID: 130; FIELD/ACTION: [UPDATE]; VALUE: 1.
2013-02-07T20:25:26+00:00 INFO (6): USER: admin; TYPE: ProjectImages; ID: 130; FIELD/ACTION: [UPDATE]; VALUE: 1.
2013-02-07T20:25:40+00:00 INFO (6): USER: admin; TYPE: ProjectImages; ID: 130; FIELD/ACTION: [UPDATE]; VALUE: 1.
2013-02-07T20:26:26+00:00 INFO (6): USER: admin; TYPE: Projects; ID: 88; FIELD/ACTION: is_hidden; VALUE: 1.
2013-02-11T17:28:31+00:00 INFO (6): USER: admin; TYPE: Projects; ID: 88; FIELD/ACTION: is_hidden; VALUE: 0.
2013-02-11T17:29:02+00:00 INFO (6): USER: admin; TYPE: ProjectImages; ID: 127; FIELD/ACTION: is_trashed; VALUE: 1.
2013-02-11T17:29:07+00:00 INFO (6): USER: admin; TYPE: ProjectImages; ID: 128; FIELD/ACTION: is_trashed; VALUE: 1.
2013-02-11T17:34:14+00:00 INFO (6): USER: admin; TYPE: ProjectImages; ID: 130; FIELD/ACTION: [UPDATE]; VALUE: 1.
2013-02-11T17:34:46+00:00 INFO (6): USER: admin; TYPE: ProjectImages; ID: 130; FIELD/ACTION: [UPDATE]; VALUE: 1.
2013-02-11T17:43:11+00:00 INFO (6): USER: admin; TYPE: ProjectImages; ID: 131; FIELD/ACTION: [UPDATE]; VALUE: 1.
2013-02-11T17:43:23+00:00 INFO (6): USER: admin; TYPE: ProjectImages; ID: 130; FIELD/ACTION: is_trashed; VALUE: 1.
2013-02-11T17:43:28+00:00 INFO (6): USER: admin; TYPE: ProjectImages; ID: 131; FIELD/ACTION: is_trashed; VALUE: 1.
2013-02-11T17:43:54+00:00 INFO (6): USER: admin; TYPE: ProjectImages; ID: 132; FIELD/ACTION: [UPDATE]; VALUE: 1.
2013-02-11T17:44:19+00:00 INFO (6): USER: admin; TYPE: ProjectImages; ID: 133; FIELD/ACTION: [UPDATE]; VALUE: 1.
2013-02-11T17:44:23+00:00 INFO (6): USER: admin; TYPE: ProjectImages; ID: 134; FIELD/ACTION: [UPDATE]; VALUE: 1.
2013-02-11T17:44:40+00:00 INFO (6): USER: admin; TYPE: ProjectImages; ID: 133; FIELD/ACTION: is_trashed; VALUE: 1.
2013-02-11T17:44:59+00:00 INFO (6): USER: admin; TYPE: ProjectImages; ID: 132; FIELD/ACTION: is_trashed; VALUE: 1.
2013-02-11T17:45:29+00:00 INFO (6): USER: admin; TYPE: ProjectImages; ID: 135; FIELD/ACTION: [UPDATE]; VALUE: 1.
2013-02-11T17:45:56+00:00 INFO (6): USER: admin; TYPE: ProjectImages; ID: 136; FIELD/ACTION: [UPDATE]; VALUE: 1.
2013-02-11T17:46:32+00:00 INFO (6): USER: admin; TYPE: ProjectImages; ID: 137; FIELD/ACTION: [UPDATE]; VALUE: 1.
2013-02-11T17:46:41+00:00 INFO (6): USER: admin; TYPE: ProjectImages; ID: 137; FIELD/ACTION: is_hidden; VALUE: 1.
2013-02-11T17:46:54+00:00 INFO (6): USER: admin; TYPE: ProjectImages; ID: 137; FIELD/ACTION: is_hidden; VALUE: 0.
2013-02-11T17:47:10+00:00 INFO (6): USER: admin; TYPE: ProjectImages; ID: 137; FIELD/ACTION: [UPDATE]; VALUE: 1.
2013-02-11T17:50:26+00:00 INFO (6): USER: admin; TYPE: ProjectImages; ID: 137; FIELD/ACTION: [UPDATE]; VALUE: 1.
2013-02-11T20:29:57+00:00 INFO (6): USER: admin; TYPE: Projects; ID: 88; FIELD/ACTION: is_trashed; VALUE: 1.
2013-02-11T20:30:52+00:00 INFO (6): USER: admin; TYPE: Projects; ID: 89; FIELD/ACTION: [UPDATE]; VALUE: 1.
2013-02-11T20:31:44+00:00 INFO (6): USER: admin; TYPE: ProjectImages; ID: 138; FIELD/ACTION: [UPDATE]; VALUE: 1.
2013-02-11T20:32:13+00:00 INFO (6): USER: admin; TYPE: ProjectImages; ID: 139; FIELD/ACTION: [UPDATE]; VALUE: 1.
2013-02-11T20:32:37+00:00 INFO (6): USER: admin; TYPE: ProjectImages; ID: 140; FIELD/ACTION: [UPDATE]; VALUE: 1.
2013-02-11T20:33:02+00:00 INFO (6): USER: admin; TYPE: ProjectImages; ID: 141; FIELD/ACTION: [UPDATE]; VALUE: 1.
2013-02-11T20:33:17+00:00 INFO (6): USER: admin; TYPE: Projects; ID: 89; FIELD/ACTION: is_featured; VALUE: 1.
2013-02-11T20:33:58+00:00 INFO (6): USER: admin; TYPE: ProjectImages; ID: 138; FIELD/ACTION: [UPDATE]; VALUE: 1.
2013-02-11T20:38:41+00:00 INFO (6): USER: admin; TYPE: Projects; ID: 89; FIELD/ACTION: [UPDATE]; VALUE: 1.
2013-02-11T21:36:38+00:00 INFO (6): USER: admin; TYPE: Projects; ID: 67; FIELD/ACTION: is_featured; VALUE: 0.
2013-02-13T21:28:49+00:00 INFO (6): USER: admin; TYPE: Projects; ID: 89; FIELD/ACTION: [UPDATE]; VALUE: 1.
2013-03-03T23:19:07+00:00 INFO (6): USER: admin; TYPE: Projects; ID: 85; FIELD/ACTION: is_hidden; VALUE: 1.
2013-03-03T23:19:13+00:00 INFO (6): USER: admin; TYPE: Projects; ID: 78; FIELD/ACTION: is_hidden; VALUE: 1.
2013-03-03T23:19:18+00:00 INFO (6): USER: admin; TYPE: Projects; ID: 65; FIELD/ACTION: is_hidden; VALUE: 1.
2013-03-03T23:23:44+00:00 INFO (6): USER: admin; TYPE: Projects; ID: 90; FIELD/ACTION: [UPDATE]; VALUE: 1.
2013-03-03T23:24:36+00:00 INFO (6): USER: admin; TYPE: ProjectImages; ID: 142; FIELD/ACTION: [UPDATE]; VALUE: 1.
2013-03-03T23:25:29+00:00 INFO (6): USER: admin; TYPE: ProjectImages; ID: 143; FIELD/ACTION: [UPDATE]; VALUE: 1.
2013-03-03T23:26:06+00:00 INFO (6): USER: admin; TYPE: Projects; ID: 90; FIELD/ACTION: [UPDATE]; VALUE: 1.
2013-03-03T23:27:23+00:00 INFO (6): USER: admin; TYPE: Projects; ID: 83; FIELD/ACTION: [UPDATE]; VALUE: 1.
2013-03-03T23:28:07+00:00 INFO (6): USER: admin; TYPE: Projects; ID: 90; FIELD/ACTION: is_featured; VALUE: 1.
2013-03-03T23:28:24+00:00 INFO (6): USER: admin; TYPE: Projects; ID: 86; FIELD/ACTION: is_featured; VALUE: 0.
2013-05-14T22:02:40+01:00 INFO (6): USER: admin; TYPE: Projects; ID: 91; FIELD/ACTION: [UPDATE]; VALUE: 1.
2013-05-14T22:02:51+01:00 INFO (6): USER: admin; TYPE: Projects; ID: 91; FIELD/ACTION: [UPDATE]; VALUE: 1.
2013-05-14T22:03:00+01:00 INFO (6): USER: admin; TYPE: Projects; ID: 91; FIELD/ACTION: is_hidden; VALUE: 1.
2013-05-14T22:03:08+01:00 INFO (6): USER: admin; TYPE: Projects; ID: 91; FIELD/ACTION: is_hidden; VALUE: 0.
2013-05-14T22:03:31+01:00 INFO (6): USER: admin; TYPE: Projects; ID: 91; FIELD/ACTION: is_featured; VALUE: 1.
2013-05-14T22:03:51+01:00 INFO (6): USER: admin; TYPE: Projects; ID: 82; FIELD/ACTION: is_featured; VALUE: 0.
2013-05-14T22:20:08+01:00 INFO (6): USER: admin; TYPE: Projects; ID: 91; FIELD/ACTION: is_hidden; VALUE: 1.
2013-05-14T22:47:07+01:00 INFO (6): USER: admin; TYPE: ProjectImages; ID: 144; FIELD/ACTION: [UPDATE]; VALUE: 1.
2013-05-14T22:47:22+01:00 INFO (6): USER: admin; TYPE: Projects; ID: 91; FIELD/ACTION: is_hidden; VALUE: 0.
2013-05-14T22:52:23+01:00 INFO (6): USER: admin; TYPE: ProjectImages; ID: 145; FIELD/ACTION: [UPDATE]; VALUE: 1.
2013-05-14T22:52:51+01:00 INFO (6): USER: admin; TYPE: ProjectImages; ID: 145; FIELD/ACTION: [UPDATE]; VALUE: 1.
2013-05-14T22:53:57+01:00 INFO (6): USER: admin; TYPE: ProjectImages; ID: 146; FIELD/ACTION: [UPDATE]; VALUE: 1.
2013-05-14T22:59:30+01:00 INFO (6): USER: admin; TYPE: ProjectImages; ID: 147; FIELD/ACTION: [UPDATE]; VALUE: 1.
2013-05-14T22:59:45+01:00 INFO (6): USER: admin; TYPE: ProjectImages; ID: 147; FIELD/ACTION: [UPDATE]; VALUE: 1.
2013-05-14T23:00:54+01:00 INFO (6): USER: admin; TYPE: ProjectImages; ID: 147; FIELD/ACTION: is_trashed; VALUE: 1.
2013-05-14T23:00:55+01:00 INFO (6): USER: admin; TYPE: ProjectImages; ID: 147; FIELD/ACTION: is_trashed; VALUE: 1.
2013-05-14T23:01:36+01:00 INFO (6): USER: admin; TYPE: ProjectImages; ID: 145; FIELD/ACTION: is_trashed; VALUE: 1.
2013-05-14T23:01:39+01:00 INFO (6): USER: admin; TYPE: ProjectImages; ID: 146; FIELD/ACTION: is_trashed; VALUE: 1.
2013-05-14T23:02:02+01:00 INFO (6): USER: admin; TYPE: ProjectImages; ID: 148; FIELD/ACTION: [UPDATE]; VALUE: 1.
2013-05-14T23:02:08+01:00 INFO (6): USER: admin; TYPE: ProjectImages; ID: 148; FIELD/ACTION: is_trashed; VALUE: 1.
2013-05-14T23:02:11+01:00 INFO (6): USER: admin; TYPE: ProjectImages; ID: 144; FIELD/ACTION: is_trashed; VALUE: 1.
2013-05-14T23:02:41+01:00 INFO (6): USER: admin; TYPE: ProjectImages; ID: 149; FIELD/ACTION: [UPDATE]; VALUE: 1.
2013-05-14T23:03:07+01:00 INFO (6): USER: admin; TYPE: ProjectImages; ID: 150; FIELD/ACTION: [UPDATE]; VALUE: 1.
2013-05-14T23:03:32+01:00 INFO (6): USER: admin; TYPE: ProjectImages; ID: 151; FIELD/ACTION: [UPDATE]; VALUE: 1.
2013-05-14T23:04:17+01:00 INFO (6): USER: admin; TYPE: ProjectImages; ID: 152; FIELD/ACTION: [UPDATE]; VALUE: 1.
2013-05-14T23:04:54+01:00 INFO (6): USER: admin; TYPE: ProjectImages; ID: 149; FIELD/ACTION: [UPDATE]; VALUE: 1.
2013-05-14T23:05:19+01:00 INFO (6): USER: admin; TYPE: ProjectImages; ID: 152; FIELD/ACTION: [UPDATE]; VALUE: 1.
2013-05-14T23:06:32+01:00 INFO (6): USER: admin; TYPE: ProjectImages; ID: 149; FIELD/ACTION: is_trashed; VALUE: 1.
2013-05-14T23:06:34+01:00 INFO (6): USER: admin; TYPE: ProjectImages; ID: 149; FIELD/ACTION: is_trashed; VALUE: 1.
2013-05-14T23:06:37+01:00 INFO (6): USER: admin; TYPE: ProjectImages; ID: 150; FIELD/ACTION: is_trashed; VALUE: 1.
2013-05-14T23:06:40+01:00 INFO (6): USER: admin; TYPE: ProjectImages; ID: 151; FIELD/ACTION: is_trashed; VALUE: 1.
2013-05-14T23:06:43+01:00 INFO (6): USER: admin; TYPE: ProjectImages; ID: 152; FIELD/ACTION: is_trashed; VALUE: 1.
2013-05-14T23:13:12+01:00 INFO (6): USER: admin; TYPE: ProjectImages; ID: 153; FIELD/ACTION: [UPDATE]; VALUE: 1.
2013-05-14T23:13:45+01:00 INFO (6): USER: admin; TYPE: ProjectImages; ID: 154; FIELD/ACTION: [UPDATE]; VALUE: 1.
2013-05-14T23:14:25+01:00 INFO (6): USER: admin; TYPE: ProjectImages; ID: 155; FIELD/ACTION: [UPDATE]; VALUE: 1.
2013-05-14T23:15:39+01:00 INFO (6): USER: admin; TYPE: ProjectImages; ID: 156; FIELD/ACTION: [UPDATE]; VALUE: 1.
2013-05-15T23:52:08+01:00 INFO (6): USER: admin; TYPE: Projects; ID: 91; FIELD/ACTION: [UPDATE]; VALUE: 1.
2013-05-17T08:43:59+01:00 INFO (6): USER: admin; TYPE: ProjectImages; ID: 157; FIELD/ACTION: [UPDATE]; VALUE: 1.
2013-05-17T08:44:12+01:00 INFO (6): USER: admin; TYPE: ProjectImages; ID: 157; FIELD/ACTION: [UPDATE]; VALUE: 1.
2013-05-17T08:44:29+01:00 INFO (6): USER: admin; TYPE: ProjectImages; ID: 157; FIELD/ACTION: is_trashed; VALUE: 1.
2013-05-17T08:44:53+01:00 INFO (6): USER: admin; TYPE: ProjectImages; ID: 157; FIELD/ACTION: [DELETE]; VALUE: 1.
2013-05-30T22:57:04+01:00 INFO (6): USER: admin; TYPE: Projects; ID: 80; FIELD/ACTION: is_hidden; VALUE: 1.
2013-05-30T22:57:13+01:00 INFO (6): USER: admin; TYPE: Projects; ID: 61; FIELD/ACTION: is_hidden; VALUE: 1.
2013-05-30T22:57:18+01:00 INFO (6): USER: admin; TYPE: Projects; ID: 74; FIELD/ACTION: is_hidden; VALUE: 1.
2013-05-30T22:57:22+01:00 INFO (6): USER: admin; TYPE: Projects; ID: 68; FIELD/ACTION: is_hidden; VALUE: 1.
2013-05-30T22:57:29+01:00 INFO (6): USER: admin; TYPE: Projects; ID: 56; FIELD/ACTION: is_hidden; VALUE: 1.
2013-06-08T22:25:06+01:00 INFO (6): USER: admin; TYPE: Projects; ID: 92; FIELD/ACTION: [UPDATE]; VALUE: 1.
2013-06-08T22:25:15+01:00 INFO (6): USER: admin; TYPE: Projects; ID: 92; FIELD/ACTION: is_hidden; VALUE: 1.
2013-06-08T22:26:17+01:00 INFO (6): USER: admin; TYPE: ProjectImages; ID: 158; FIELD/ACTION: [UPDATE]; VALUE: 1.
2013-06-08T22:26:54+01:00 INFO (6): USER: admin; TYPE: ProjectImages; ID: 159; FIELD/ACTION: [UPDATE]; VALUE: 1.
2013-06-08T22:27:38+01:00 INFO (6): USER: admin; TYPE: ProjectImages; ID: 160; FIELD/ACTION: [UPDATE]; VALUE: 1.
2013-06-08T22:27:46+01:00 INFO (6): USER: admin; TYPE: Projects; ID: 92; FIELD/ACTION: is_hidden; VALUE: 0.
2013-06-08T22:27:50+01:00 INFO (6): USER: admin; TYPE: Projects; ID: 92; FIELD/ACTION: is_featured; VALUE: 1.
2013-06-08T22:27:52+01:00 INFO (6): USER: admin; TYPE: Projects; ID: 90; FIELD/ACTION: is_featured; VALUE: 0.
2013-06-08T23:50:26+01:00 INFO (6): USER: admin; TYPE: Projects; ID: 92; FIELD/ACTION: [UPDATE]; VALUE: 1.
2013-06-08T23:51:48+01:00 INFO (6): USER: admin; TYPE: Projects; ID: 92; FIELD/ACTION: [UPDATE]; VALUE: 1.
2013-07-15T21:08:42+01:00 INFO (6): USER: admin; TYPE: Projects; ID: 70; FIELD/ACTION: is_hidden; VALUE: 1.
2013-07-17T23:31:11+01:00 INFO (6): USER: admin; TYPE: Projects; ID: 62; FIELD/ACTION: is_hidden; VALUE: 1.
2013-07-17T23:31:23+01:00 INFO (6): USER: admin; TYPE: Projects; ID: 78; FIELD/ACTION: is_hidden; VALUE: 0.
2013-07-17T23:31:24+01:00 INFO (6): USER: admin; TYPE: Projects; ID: 69; FIELD/ACTION: is_hidden; VALUE: 1.
2013-07-17T23:31:25+01:00 INFO (6): USER: admin; TYPE: Projects; ID: 69; FIELD/ACTION: is_hidden; VALUE: 0.
2013-07-17T23:31:37+01:00 INFO (6): USER: admin; TYPE: Projects; ID: 73; FIELD/ACTION: is_hidden; VALUE: 1.
2013-07-17T23:32:35+01:00 INFO (6): USER: admin; TYPE: Projects; ID: 92; FIELD/ACTION: is_featured; VALUE: 0.
2013-07-17T23:33:20+01:00 INFO (6): USER: admin; TYPE: Projects; ID: 67; FIELD/ACTION: is_featured; VALUE: 1.
2013-08-04T19:25:22+01:00 INFO (6): USER: admin; TYPE: Projects; ID: 77; FIELD/ACTION: is_featured; VALUE: 1.
2013-08-04T19:25:25+01:00 INFO (6): USER: admin; TYPE: Projects; ID: 78; FIELD/ACTION: is_featured; VALUE: 1.
2013-08-04T19:25:34+01:00 INFO (6): USER: admin; TYPE: Projects; ID: 78; FIELD/ACTION: is_featured; VALUE: 0.
2013-08-04T19:25:36+01:00 INFO (6): USER: admin; TYPE: Projects; ID: 77; FIELD/ACTION: is_featured; VALUE: 0.
2013-08-04T19:25:37+01:00 INFO (6): USER: admin; TYPE: Projects; ID: 77; FIELD/ACTION: is_hidden; VALUE: 1.
2013-08-04T19:25:38+01:00 INFO (6): USER: admin; TYPE: Projects; ID: 81; FIELD/ACTION: is_hidden; VALUE: 1.
2013-08-04T19:25:42+01:00 INFO (6): USER: admin; TYPE: Projects; ID: 81; FIELD/ACTION: is_hidden; VALUE: 0.
2013-08-04T19:25:43+01:00 INFO (6): USER: admin; TYPE: Projects; ID: 78; FIELD/ACTION: is_hidden; VALUE: 1.
2013-08-04T19:25:55+01:00 INFO (6): USER: admin; TYPE: Projects; ID: 63; FIELD/ACTION: is_hidden; VALUE: 1.
2013-08-13T17:11:33+01:00 INFO (6): USER: admin; TYPE: Projects; ID: 93; FIELD/ACTION: [UPDATE]; VALUE: 1.
2013-08-13T17:11:53+01:00 INFO (6): USER: admin; TYPE: Projects; ID: 93; FIELD/ACTION: is_hidden; VALUE: 1.
2013-08-13T17:21:43+01:00 INFO (6): USER: admin; TYPE: ProjectImages; ID: 161; FIELD/ACTION: [UPDATE]; VALUE: 1.
2013-08-13T17:22:18+01:00 INFO (6): USER: admin; TYPE: ProjectImages; ID: 162; FIELD/ACTION: [UPDATE]; VALUE: 1.
2013-08-13T17:22:51+01:00 INFO (6): USER: admin; TYPE: ProjectImages; ID: 163; FIELD/ACTION: [UPDATE]; VALUE: 1.
2013-08-13T17:23:26+01:00 INFO (6): USER: admin; TYPE: ProjectImages; ID: 164; FIELD/ACTION: [UPDATE]; VALUE: 1.
2013-08-13T17:23:58+01:00 INFO (6): USER: admin; TYPE: ProjectImages; ID: 165; FIELD/ACTION: [UPDATE]; VALUE: 1.
2013-08-13T17:24:09+01:00 INFO (6): USER: admin; TYPE: ProjectImages; ID: 164; FIELD/ACTION: [UPDATE]; VALUE: 1.
2013-08-13T17:24:43+01:00 INFO (6): USER: admin; TYPE: ProjectImages; ID: 166; FIELD/ACTION: [UPDATE]; VALUE: 1.
2013-08-13T17:24:51+01:00 INFO (6): USER: admin; TYPE: Projects; ID: 93; FIELD/ACTION: is_featured; VALUE: 1.
2013-08-13T17:24:53+01:00 INFO (6): USER: admin; TYPE: Projects; ID: 93; FIELD/ACTION: is_hidden; VALUE: 0.
2013-08-13T17:25:28+01:00 INFO (6): USER: admin; TYPE: Projects; ID: 93; FIELD/ACTION: [UPDATE]; VALUE: 1.
2013-08-13T17:33:29+01:00 INFO (6): USER: admin; TYPE: Projects; ID: 67; FIELD/ACTION: is_featured; VALUE: 0.
2013-08-13T17:33:50+01:00 INFO (6): USER: admin; TYPE: Projects; ID: 93; FIELD/ACTION: [UPDATE]; VALUE: 1.
2013-08-13T17:42:43+01:00 INFO (6): USER: admin; TYPE: Projects; ID: 93; FIELD/ACTION: [UPDATE]; VALUE: 1.
